<?xml version="1.0" encoding="UTF-8"?>
<!-- Generated by org.testng.reporters.JUnitXMLReporter -->
<testsuite ignored="2" hostname="LAPTOP-VAB3EAF0" failures="0" tests="4" name="Test" time="82.493" errors="0" timestamp="2022-09-11T10:55:53 IST">
  <testcase classname="testcases.SimplilearnLoginTest" name="Test1" time="15.04"/>
  <testcase classname="testcases.SimplilearnLoginTest" name="Test2" time="15.309"/>
  <testcase classname="testcases.SimplilearnLoginTest" name="Test3" time="10.045"/>
  <testcase classname="testcases.HomeTest" name="test1" time="0.003"/>
  <testcase classname="testcases.BaseClass" name="@AfterTest cleanup" time="0.0">
    <ignored/>
  </testcase> <!-- @AfterTest cleanup -->
  <testcase classname="testcases.BaseClass" name="@BeforeTest dataSetup" time="0.0">
    <ignored/>
  </testcase> <!-- @BeforeTest dataSetup -->
</testsuite> <!-- Test -->
