<?xml version="1.0" encoding="UTF-8"?>
<!-- Generated by org.testng.reporters.JUnitXMLReporter -->
<testsuite ignored="0" hostname="LAPTOP-VAB3EAF0" failures="0" tests="3" name="Test" time="59.178" errors="0" timestamp="2022-09-23T20:40:35 IST">
  <testcase classname="testcases.SimplilearnLoginTest" name="Test1" time="10.942"/>
  <testcase classname="testcases.SimplilearnLoginTest" name="Test2" time="12.137"/>
  <testcase classname="testcases.SimplilearnLoginTest" name="Test3" time="13.022"/>
</testsuite> <!-- Test -->
