<?xml version="1.0" encoding="UTF-8"?>
<!-- Generated by org.testng.reporters.JUnitXMLReporter -->
<testsuite hostname="LAPTOP-VAB3EAF0" ignored="0" name="Test" tests="3" failures="0" timestamp="2022-09-10T12:47:59 IST" time="53.756" errors="0">
  <testcase name="test1" time="0.006" classname="testcases.HomeTest"/>
  <testcase name="Test1" time="13.342" classname="testcases.SimplilearnLoginTest"/>
  <testcase name="Test2" time="0.0" classname="testcases.SimplilearnLoginTest"/>
</testsuite> <!-- Test -->
