<?xml version="1.0" encoding="UTF-8"?>
<testng-results ignored="0" total="3" passed="3" failed="0" skipped="0">
  <reporter-output>
  </reporter-output>
  <suite started-at="2022-09-23T20:39:35 IST" name="Suite" finished-at="2022-09-23T20:40:35 IST" duration-ms="59178">
    <groups>
    </groups>
    <test started-at="2022-09-23T20:39:35 IST" name="Test" finished-at="2022-09-23T20:40:35 IST" duration-ms="59178">
      <class name="testcases.SimplilearnLoginTest">
        <test-method is-config="true" signature="dataSetup()[pri:0, instance:testcases.SimplilearnLoginTest@932bc4a]" started-at="2022-09-23T20:39:35 IST" name="dataSetup" finished-at="2022-09-23T20:39:37 IST" duration-ms="1468" status="PASS">
          <reporter-output>
          </reporter-output>
        </test-method> <!-- dataSetup -->
        <test-method is-config="true" signature="setup(java.lang.reflect.Method)[pri:0, instance:testcases.SimplilearnLoginTest@932bc4a]" started-at="2022-09-23T20:39:37 IST" name="setup" finished-at="2022-09-23T20:39:45 IST" duration-ms="7900" status="PASS">
          <params>
            <param index="0">
              <value>
                <![CDATA[public void testcases.SimplilearnLoginTest.Test1()]]>
              </value>
            </param>
          </params>
          <reporter-output>
          </reporter-output>
        </test-method> <!-- setup -->
        <test-method signature="Test1()[pri:0, instance:testcases.SimplilearnLoginTest@932bc4a]" started-at="2022-09-23T20:39:45 IST" name="Test1" finished-at="2022-09-23T20:39:56 IST" duration-ms="10942" status="PASS">
          <reporter-output>
          </reporter-output>
        </test-method> <!-- Test1 -->
        <test-method is-config="true" signature="close()[pri:0, instance:testcases.SimplilearnLoginTest@932bc4a]" started-at="2022-09-23T20:39:56 IST" name="close" finished-at="2022-09-23T20:39:56 IST" duration-ms="312" status="PASS">
          <reporter-output>
          </reporter-output>
        </test-method> <!-- close -->
        <test-method is-config="true" signature="setup(java.lang.reflect.Method)[pri:0, instance:testcases.SimplilearnLoginTest@932bc4a]" started-at="2022-09-23T20:39:56 IST" name="setup" finished-at="2022-09-23T20:40:02 IST" duration-ms="6294" status="PASS">
          <params>
            <param index="0">
              <value>
                <![CDATA[public void testcases.SimplilearnLoginTest.Test2(java.lang.String,java.lang.String)]]>
              </value>
            </param>
          </params>
          <reporter-output>
          </reporter-output>
        </test-method> <!-- setup -->
        <test-method signature="Test2(java.lang.String,java.lang.String)[pri:0, instance:testcases.SimplilearnLoginTest@932bc4a]" started-at="2022-09-23T20:40:02 IST" name="Test2" finished-at="2022-09-23T20:40:15 IST" duration-ms="12137" status="PASS">
          <params>
            <param index="0">
              <value>
                <![CDATA[abc@gmail.com]]>
              </value>
            </param>
            <param index="1">
              <value>
                <![CDATA[Abc@1234]]>
              </value>
            </param>
          </params>
          <reporter-output>
          </reporter-output>
        </test-method> <!-- Test2 -->
        <test-method is-config="true" signature="close()[pri:0, instance:testcases.SimplilearnLoginTest@932bc4a]" started-at="2022-09-23T20:40:15 IST" name="close" finished-at="2022-09-23T20:40:15 IST" duration-ms="338" status="PASS">
          <reporter-output>
          </reporter-output>
        </test-method> <!-- close -->
        <test-method is-config="true" signature="setup(java.lang.reflect.Method)[pri:0, instance:testcases.SimplilearnLoginTest@932bc4a]" started-at="2022-09-23T20:40:15 IST" name="setup" finished-at="2022-09-23T20:40:20 IST" duration-ms="5402" status="PASS">
          <params>
            <param index="0">
              <value>
                <![CDATA[public void testcases.SimplilearnLoginTest.Test3()]]>
              </value>
            </param>
          </params>
          <reporter-output>
          </reporter-output>
        </test-method> <!-- setup -->
        <test-method signature="Test3()[pri:0, instance:testcases.SimplilearnLoginTest@932bc4a]" started-at="2022-09-23T20:40:20 IST" name="Test3" finished-at="2022-09-23T20:40:33 IST" duration-ms="13022" status="PASS">
          <reporter-output>
          </reporter-output>
        </test-method> <!-- Test3 -->
        <test-method is-config="true" signature="close()[pri:0, instance:testcases.SimplilearnLoginTest@932bc4a]" started-at="2022-09-23T20:40:33 IST" name="close" finished-at="2022-09-23T20:40:34 IST" duration-ms="211" status="PASS">
          <reporter-output>
          </reporter-output>
        </test-method> <!-- close -->
        <test-method is-config="true" signature="cleanup()[pri:0, instance:testcases.SimplilearnLoginTest@932bc4a]" started-at="2022-09-23T20:40:34 IST" name="cleanup" finished-at="2022-09-23T20:40:35 IST" duration-ms="1078" status="PASS">
          <reporter-output>
          </reporter-output>
        </test-method> <!-- cleanup -->
      </class> <!-- testcases.SimplilearnLoginTest -->
    </test> <!-- Test -->
  </suite> <!-- Suite -->
</testng-results>
