<?xml version="1.0" encoding="UTF-8"?>
<testng-results skipped="0" failed="0" ignored="0" total="3" passed="3">
  <reporter-output>
  </reporter-output>
  <suite name="Suite" duration-ms="53756" started-at="2022-09-10T12:47:05 IST" finished-at="2022-09-10T12:47:59 IST">
    <groups>
    </groups>
    <test name="Test" duration-ms="53756" started-at="2022-09-10T12:47:05 IST" finished-at="2022-09-10T12:47:59 IST">
      <class name="testcases.HomeTest">
        <test-method status="PASS" signature="setup()[pri:0, instance:testcases.HomeTest@cd2dae5]" name="setup" is-config="true" duration-ms="23665" started-at="2022-09-10T12:47:05 IST" finished-at="2022-09-10T12:47:29 IST">
          <reporter-output>
          </reporter-output>
        </test-method> <!-- setup -->
        <test-method status="PASS" signature="test1()[pri:0, instance:testcases.HomeTest@cd2dae5]" name="test1" duration-ms="6" started-at="2022-09-10T12:47:29 IST" finished-at="2022-09-10T12:47:29 IST">
          <reporter-output>
          </reporter-output>
        </test-method> <!-- test1 -->
        <test-method status="PASS" signature="close()[pri:0, instance:testcases.HomeTest@cd2dae5]" name="close" is-config="true" duration-ms="264" started-at="2022-09-10T12:47:29 IST" finished-at="2022-09-10T12:47:29 IST">
          <reporter-output>
          </reporter-output>
        </test-method> <!-- close -->
      </class> <!-- testcases.HomeTest -->
      <class name="testcases.SimplilearnLoginTest">
        <test-method status="PASS" signature="setup()[pri:0, instance:testcases.SimplilearnLoginTest@396f6598]" name="setup" is-config="true" duration-ms="6256" started-at="2022-09-10T12:47:29 IST" finished-at="2022-09-10T12:47:36 IST">
          <reporter-output>
          </reporter-output>
        </test-method> <!-- setup -->
        <test-method status="PASS" signature="Test1()[pri:0, instance:testcases.SimplilearnLoginTest@396f6598]" name="Test1" duration-ms="13342" started-at="2022-09-10T12:47:36 IST" finished-at="2022-09-10T12:47:49 IST">
          <reporter-output>
          </reporter-output>
        </test-method> <!-- Test1 -->
        <test-method status="PASS" signature="close()[pri:0, instance:testcases.SimplilearnLoginTest@396f6598]" name="close" is-config="true" duration-ms="2614" started-at="2022-09-10T12:47:49 IST" finished-at="2022-09-10T12:47:52 IST">
          <reporter-output>
          </reporter-output>
        </test-method> <!-- close -->
        <test-method status="PASS" signature="setup()[pri:0, instance:testcases.SimplilearnLoginTest@396f6598]" name="setup" is-config="true" duration-ms="6694" started-at="2022-09-10T12:47:52 IST" finished-at="2022-09-10T12:47:58 IST">
          <reporter-output>
          </reporter-output>
        </test-method> <!-- setup -->
        <test-method status="PASS" signature="Test2()[pri:0, instance:testcases.SimplilearnLoginTest@396f6598]" name="Test2" duration-ms="0" started-at="2022-09-10T12:47:58 IST" finished-at="2022-09-10T12:47:58 IST">
          <reporter-output>
          </reporter-output>
        </test-method> <!-- Test2 -->
        <test-method status="PASS" signature="close()[pri:0, instance:testcases.SimplilearnLoginTest@396f6598]" name="close" is-config="true" duration-ms="835" started-at="2022-09-10T12:47:58 IST" finished-at="2022-09-10T12:47:59 IST">
          <reporter-output>
          </reporter-output>
        </test-method> <!-- close -->
      </class> <!-- testcases.SimplilearnLoginTest -->
    </test> <!-- Test -->
  </suite> <!-- Suite -->
</testng-results>
