<?xml version="1.0" encoding="UTF-8"?>
<testng-results ignored="2" total="6" passed="4" failed="0" skipped="0">
  <reporter-output>
  </reporter-output>
  <suite started-at="2022-09-11T10:54:31 IST" name="Suite" finished-at="2022-09-11T10:55:53 IST" duration-ms="82493">
    <groups>
    </groups>
    <test started-at="2022-09-11T10:54:31 IST" name="Test" finished-at="2022-09-11T10:55:53 IST" duration-ms="82493">
      <class name="testcases.HomeTest">
        <test-method is-config="true" signature="setup()[pri:0, instance:testcases.HomeTest@7c711375]" started-at="2022-09-11T10:55:43 IST" name="setup" finished-at="2022-09-11T10:55:52 IST" duration-ms="8822" status="PASS">
          <reporter-output>
          </reporter-output>
        </test-method> <!-- setup -->
        <test-method signature="test1()[pri:0, instance:testcases.HomeTest@7c711375]" started-at="2022-09-11T10:55:52 IST" name="test1" finished-at="2022-09-11T10:55:52 IST" duration-ms="3" status="PASS">
          <reporter-output>
          </reporter-output>
        </test-method> <!-- test1 -->
        <test-method is-config="true" signature="close()[pri:0, instance:testcases.HomeTest@7c711375]" started-at="2022-09-11T10:55:52 IST" name="close" finished-at="2022-09-11T10:55:53 IST" duration-ms="1339" status="PASS">
          <reporter-output>
          </reporter-output>
        </test-method> <!-- close -->
      </class> <!-- testcases.HomeTest -->
      <class name="testcases.SimplilearnLoginTest">
        <test-method is-config="true" signature="dataSetup()[pri:0, instance:testcases.SimplilearnLoginTest@43dac38f]" started-at="2022-09-11T10:54:31 IST" name="dataSetup" finished-at="2022-09-11T10:54:33 IST" duration-ms="1683" status="PASS">
          <reporter-output>
          </reporter-output>
        </test-method> <!-- dataSetup -->
        <test-method is-config="true" signature="setup()[pri:0, instance:testcases.SimplilearnLoginTest@43dac38f]" started-at="2022-09-11T10:54:33 IST" name="setup" finished-at="2022-09-11T10:54:43 IST" duration-ms="10152" status="PASS">
          <reporter-output>
          </reporter-output>
        </test-method> <!-- setup -->
        <test-method signature="Test1()[pri:0, instance:testcases.SimplilearnLoginTest@43dac38f]" started-at="2022-09-11T10:54:43 IST" name="Test1" finished-at="2022-09-11T10:54:58 IST" duration-ms="15040" status="PASS">
          <reporter-output>
          </reporter-output>
        </test-method> <!-- Test1 -->
        <test-method is-config="true" signature="close()[pri:0, instance:testcases.SimplilearnLoginTest@43dac38f]" started-at="2022-09-11T10:54:58 IST" name="close" finished-at="2022-09-11T10:54:58 IST" duration-ms="497" status="PASS">
          <reporter-output>
          </reporter-output>
        </test-method> <!-- close -->
        <test-method is-config="true" signature="setup()[pri:0, instance:testcases.SimplilearnLoginTest@43dac38f]" started-at="2022-09-11T10:54:58 IST" name="setup" finished-at="2022-09-11T10:55:06 IST" duration-ms="7763" status="PASS">
          <reporter-output>
          </reporter-output>
        </test-method> <!-- setup -->
        <test-method signature="Test2(java.lang.String,java.lang.String)[pri:0, instance:testcases.SimplilearnLoginTest@43dac38f]" started-at="2022-09-11T10:55:06 IST" name="Test2" finished-at="2022-09-11T10:55:21 IST" duration-ms="15309" status="PASS">
          <params>
            <param index="0">
              <value>
                <![CDATA[abc@gmail.com]]>
              </value>
            </param>
            <param index="1">
              <value>
                <![CDATA[Abc@1234]]>
              </value>
            </param>
          </params>
          <reporter-output>
          </reporter-output>
        </test-method> <!-- Test2 -->
        <test-method is-config="true" signature="close()[pri:0, instance:testcases.SimplilearnLoginTest@43dac38f]" started-at="2022-09-11T10:55:21 IST" name="close" finished-at="2022-09-11T10:55:25 IST" duration-ms="3061" status="PASS">
          <reporter-output>
          </reporter-output>
        </test-method> <!-- close -->
        <test-method is-config="true" signature="setup()[pri:0, instance:testcases.SimplilearnLoginTest@43dac38f]" started-at="2022-09-11T10:55:25 IST" name="setup" finished-at="2022-09-11T10:55:33 IST" duration-ms="8240" status="PASS">
          <reporter-output>
          </reporter-output>
        </test-method> <!-- setup -->
        <test-method signature="Test3()[pri:0, instance:testcases.SimplilearnLoginTest@43dac38f]" started-at="2022-09-11T10:55:33 IST" name="Test3" finished-at="2022-09-11T10:55:43 IST" duration-ms="10045" status="PASS">
          <reporter-output>
          </reporter-output>
        </test-method> <!-- Test3 -->
        <test-method is-config="true" signature="close()[pri:0, instance:testcases.SimplilearnLoginTest@43dac38f]" started-at="2022-09-11T10:55:43 IST" name="close" finished-at="2022-09-11T10:55:43 IST" duration-ms="423" status="PASS">
          <reporter-output>
          </reporter-output>
        </test-method> <!-- close -->
        <test-method is-config="true" signature="cleanup()[pri:0, instance:testcases.SimplilearnLoginTest@43dac38f]" started-at="2022-09-11T10:55:53 IST" name="cleanup" finished-at="2022-09-11T10:55:53 IST" duration-ms="0" status="PASS">
          <reporter-output>
          </reporter-output>
        </test-method> <!-- cleanup -->
      </class> <!-- testcases.SimplilearnLoginTest -->
    </test> <!-- Test -->
  </suite> <!-- Suite -->
</testng-results>
